Arguments: 
  /usr/bin/node /usr/share/yarn/bin/yarn.js

PATH: 
  /usr/local/sbin:/usr/local/bin:/usr/sbin:/usr/bin:/sbin:/bin:/usr/games:/usr/local/games:/snap/bin:/home/abel/Android/Sdk/tools:/home/abel/Android/Sdk/platform-tools:/home/abel/Android/Sdk/tools:/home/abel/Android/Sdk/platform-tools

Yarn version: 
  1.19.1

Node version: 
  13.1.0

Platform: 
  linux x64

Trace: 
  SyntaxError: /home/abel/dev/rsxp/hackathon/package.json: Unexpected token e in JSON at position 788
      at JSON.parse (<anonymous>)
      at /usr/share/yarn/lib/cli.js:1625:59
      at Generator.next (<anonymous>)
      at step (/usr/share/yarn/lib/cli.js:304:30)
      at /usr/share/yarn/lib/cli.js:315:13

npm manifest: 
  {
    "name": "hackathon",
    "version": "1.0.0",
    "description": "Hackathon RsXp2019",
    "main": "index.js",
    "license": "MIT",
    "dependencies": {
      "bcryptjs": "^2.4.3",
      "cors": "^2.8.5",
      "date-fns": "^2.0.0-beta.5",
      "express": "^4.17.1",
      "jsonwebtoken": "^8.5.1",
      "multer": "^1.4.2",
      "pg": "^7.12.1",
      "pg-hstore": "^2.3.3",
      "sequelize": "^5.16.0",
      "yup": "^0.27.0"
    },
    "scripts": {
      "dev": "nodemon src/server.js"
    },
    "devDependencies": {
      "eslint": "^6.2.2",
      "eslint-config-airbnb-base": "^14.0.0",
      "eslint-config-prettier": "^6.1.0",
      "eslint-plugin-import": "^2.18.2",
      "eslint-plugin-prettier": "^3.1.0",
      "nodemon": "^1.19.1",
      "prettier": "^1.18.2",
      "sequelize-cli": "^5.5.0",
      "sucrase": "^3.10.1"
    }e
  }

yarn manifest: 
  No manifest

Lockfile: 
  No lockfile
